MyApplication8/app/build/intermediates/manifest_merge_blame_file/debug/manifest-merger-blame-debug-report.txt
1<?xml version="1.0" encoding="utf-8"?>
2<manifest xmlns:android="http://schemas.android.com/apk/res/android"
3    package="ru.samsung.itschool.book.cells" >
4
5    <uses-sdk
6        android:minSdkVersion="14"
6-->src\main\AndroidManifest.xml
7        android:targetSdkVersion="29" />
7-->src\main\AndroidManifest.xml
8
9    <application
9-->src\main\AndroidManifest.xml:7:5-23:19
10        android:allowBackup="true"
10-->src\main\AndroidManifest.xml:8:9-35
11        android:debuggable="true"
12        android:icon="@drawable/ic_launcher"
12-->src\main\AndroidManifest.xml:9:9-45
13        android:label="@string/app_name"
13-->src\main\AndroidManifest.xml:10:9-41
14        android:theme="@style/AppTheme" >
14-->src\main\AndroidManifest.xml:11:9-40
15        <activity
15-->src\main\AndroidManifest.xml:12:9-22:20
16            android:name="ru.samsung.itschool.book.cells.CellsActivity"
16-->src\main\AndroidManifest.xml:13:13-42
17            android:label="@string/app_name"
17-->src\main\AndroidManifest.xml:14:13-45
18            android:screenOrientation="portrait" >
18-->src\main\AndroidManifest.xml:15:13-49
19            <intent-filter>
19-->src\main\AndroidManifest.xml:17:13-21:29
20                <action android:name="android.intent.action.MAIN" />
20-->src\main\AndroidManifest.xml:18:17-69
20-->src\main\AndroidManifest.xml:18:25-66
21
22                <category android:name="android.intent.category.LAUNCHER" />
22-->src\main\AndroidManifest.xml:20:17-77
22-->src\main\AndroidManifest.xml:20:27-74
23            </intent-filter>
24        </activity>
25    </application>
26
27</manifest>